03:57:34 PM	root	DEBUG	Software Version: V1.0; Last Update: 2017-March-10
03:57:34 PM	root	DEBUG	Interface Fluidics Welcomes you!
03:57:34 PM	root	DEBUG	Date and Time: 2017-03-10 03:57 PM
03:57:38 PM	modbus_tk	INFO	RtuMaster COM6 is opened
03:57:38 PM	root	INFO	connected to port COM6
03:57:39 PM	root	INFO	Pressure Unit: BAR; Flow Rate Unit: ml/min
03:57:39 PM	root	INFO	Max Pressure -> Pump A: 119.996353149BAR, Pump B: 119.996353149BAR
03:57:39 PM	root	INFO	Max Flow Rate -> Pump A: 20.0ml/min, Pump B: 10.0ml/min
03:57:39 PM	root	INFO	Pump A is off, Pump B is off
03:57:39 PM	root	INFO	Setup Complete
03:57:51 PM	DATA_OUT	INFO	Pressure A	Flow Rate A	Pressure B	Flow Rate B
03:57:51 PM	DATA_OUT	INFO	0.992845058441	0.0	-0.027579030022	0.0
03:57:53 PM	DATA_OUT	INFO	0.992845058441	0.0	-0.0413685441017	0.0
03:57:55 PM	DATA_OUT	INFO	0.951476514339	0.0	-0.027579030022	0.0
03:57:57 PM	DATA_OUT	INFO	0.951476514339	0.0	-0.0413685441017	0.0
03:57:59 PM	DATA_OUT	INFO	0.951476514339	0.0	-0.027579030022	0.0
03:58:01 PM	DATA_OUT	INFO	0.992845058441	0.0	-0.027579030022	0.0
03:58:03 PM	DATA_OUT	INFO	0.951476514339	0.0	-0.0413685441017	0.0
03:58:05 PM	DATA_OUT	INFO	0.992845058441	0.0	-0.027579030022	0.0
03:58:07 PM	DATA_OUT	INFO	0.992845058441	0.0	-0.027579030022	0.0
03:58:09 PM	root	DEBUG	User Interrupt
03:58:12 PM	root	INFO	Pressure Unit: BAR; Flow Rate Unit: ml/min
03:58:12 PM	root	INFO	Max Pressure -> Pump A: 119.996353149BAR, Pump B: 119.996353149BAR
03:58:12 PM	root	INFO	Max Flow Rate -> Pump A: 20.0ml/min, Pump B: 10.0ml/min
03:58:12 PM	root	INFO	Pump A is off, Pump B is off
03:58:45 PM	DATA_OUT	INFO	Pressure A	Flow Rate A	Pressure B	Flow Rate B
03:58:45 PM	DATA_OUT	INFO	0.992845058441	0.0	-0.027579030022	0.0
03:58:47 PM	DATA_OUT	INFO	0.992845058441	0.0	-0.027579030022	0.0
03:58:49 PM	DATA_OUT	INFO	0.951476514339	0.0	-0.0413685441017	0.0
03:58:51 PM	DATA_OUT	INFO	0.992845058441	0.0	-0.027579030022	0.0
03:58:53 PM	root	DEBUG	User Interrupt
03:58:56 PM	root	INFO	Pump A set to on
03:58:59 PM	root	INFO	Pump A set to off
03:59:09 PM	DATA_OUT	INFO	Pressure A	Flow Rate A	Pressure B	Flow Rate B
03:59:09 PM	DATA_OUT	INFO	0.992845058441	0.0	-0.027579030022	0.0
03:59:11 PM	DATA_OUT	INFO	0.992845058441	0.0	-0.027579030022	0.0
03:59:13 PM	DATA_OUT	INFO	0.992845058441	0.0	-0.027579030022	0.0
03:59:15 PM	DATA_OUT	INFO	0.992845058441	0.0	-0.0413685441017	0.0
03:59:18 PM	DATA_OUT	INFO	0.992845058441	0.0	-0.027579030022	0.0
03:59:19 PM	root	INFO	Now Exiting...
